C:\Program Files\Microsoft Visual Studio\2022\Community\MSBuild\Microsoft\VC\v170\Microsoft.CppBuild.targets(516,5): warning MSB8004: Intermediate 디렉터리가 슬래시로 끝나지 않습니다. Intermediate 디렉터리의 적절한 평가를 허용하는 데 필요하므로 이 빌드 인스턴스에서 슬래시를 추가합니다.
C:\Program Files\Microsoft Visual Studio\2022\Community\MSBuild\Microsoft\VC\v170\Microsoft.CppBuild.targets(531,5): warning MSB8028: 중간 디렉터리(C:\Users\Heetae\source\repos\Learning_DirectX11\LearningDX11\Learning_DirectX11(3D)\Intermediate\Debug\)에 다른 프로젝트(Client.vcxproj, Engine.vcxproj)에서 공유하는 파일이 포함되어 있습니다.  이로 인해 잘못된 정리 및 다시 빌드 동작이 수행될 수 있습니다.
  pch.cpp
  AnimationDemo.cpp
C:\Users\Heetae\source\repos\Learning_DirectX11\LearningDX11\Learning_DirectX11(3D)\Libraries\Include\Engine\Model.h(38,54): warning C4267: 'return': 'size_t'에서 'uint32'(으)로 변환하면서 데이터가 손실될 수 있습니다.
  (소스 파일 '/AnimationDemo.cpp'을(를) 컴파일하는 중)
  
  AssimpTool.cpp
C:\Users\Heetae\source\repos\Learning_DirectX11\LearningDX11\Learning_DirectX11(3D)\AssimpTool\AsType.h(47,20): warning C4244: '=': 'uint32'에서 'float'(으)로 변환하면서 데이터가 손실될 수 있습니다.
  (소스 파일 '/AssimpTool.cpp'을(를) 컴파일하는 중)
  
  AsType.cpp
C:\Users\Heetae\source\repos\Learning_DirectX11\LearningDX11\Learning_DirectX11(3D)\AssimpTool\AsType.h(47,20): warning C4244: '=': 'uint32'에서 'float'(으)로 변환하면서 데이터가 손실될 수 있습니다.
  (소스 파일 '/AsType.cpp'을(를) 컴파일하는 중)
  
  CameraScript.cpp
  Converter.cpp
C:\Users\Heetae\source\repos\Learning_DirectX11\LearningDX11\Learning_DirectX11(3D)\AssimpTool\AsType.h(47,20): warning C4244: '=': 'uint32'에서 'float'(으)로 변환하면서 데이터가 손실될 수 있습니다.
  (소스 파일 '/Converter.cpp'을(를) 컴파일하는 중)
  
C:\Users\Heetae\source\repos\Learning_DirectX11\LearningDX11\Learning_DirectX11(3D)\AssimpTool\Converter.cpp(139,48): warning C4267: '인수': 'size_t'에서 'int32'(으)로 변환하면서 데이터가 손실될 수 있습니다.
  (소스 파일 '/Converter.cpp'을(를) 컴파일하는 중)
  
C:\Users\Heetae\source\repos\Learning_DirectX11\LearningDX11\Learning_DirectX11(3D)\AssimpTool\Converter.cpp(159,49): warning C4267: '초기화 중': 'size_t'에서 'uint32'(으)로 변환하면서 데이터가 손실될 수 있습니다.
  (소스 파일 '/Converter.cpp'을(를) 컴파일하는 중)
  
C:\Users\Heetae\source\repos\Learning_DirectX11\LearningDX11\Learning_DirectX11(3D)\AssimpTool\Converter.cpp(159,28): warning C4267: '초기화 중': 'size_t'에서 'const uint32'(으)로 변환하면서 데이터가 손실될 수 있습니다.
  (소스 파일 '/Converter.cpp'을(를) 컴파일하는 중)
  
C:\Users\Heetae\source\repos\Learning_DirectX11\LearningDX11\Learning_DirectX11(3D)\AssimpTool\Converter.cpp(260,33): warning C4267: '인수': 'size_t'에서 'const T'(으)로 변환하면서 데이터가 손실될 수 있습니다.
C:\Users\Heetae\source\repos\Learning_DirectX11\LearningDX11\Learning_DirectX11(3D)\AssimpTool\Converter.cpp(260,33): warning C4267:         with
C:\Users\Heetae\source\repos\Learning_DirectX11\LearningDX11\Learning_DirectX11(3D)\AssimpTool\Converter.cpp(260,33): warning C4267:         [
C:\Users\Heetae\source\repos\Learning_DirectX11\LearningDX11\Learning_DirectX11(3D)\AssimpTool\Converter.cpp(260,33): warning C4267:             T=uint32
C:\Users\Heetae\source\repos\Learning_DirectX11\LearningDX11\Learning_DirectX11(3D)\AssimpTool\Converter.cpp(260,33): warning C4267:         ]
  (소스 파일 '/Converter.cpp'을(를) 컴파일하는 중)
  
C:\Users\Heetae\source\repos\Learning_DirectX11\LearningDX11\Learning_DirectX11(3D)\AssimpTool\Converter.cpp(271,34): warning C4267: '인수': 'size_t'에서 'const T'(으)로 변환하면서 데이터가 손실될 수 있습니다.
C:\Users\Heetae\source\repos\Learning_DirectX11\LearningDX11\Learning_DirectX11(3D)\AssimpTool\Converter.cpp(271,34): warning C4267:         with
C:\Users\Heetae\source\repos\Learning_DirectX11\LearningDX11\Learning_DirectX11(3D)\AssimpTool\Converter.cpp(271,34): warning C4267:         [
C:\Users\Heetae\source\repos\Learning_DirectX11\LearningDX11\Learning_DirectX11(3D)\AssimpTool\Converter.cpp(271,34): warning C4267:             T=uint32
C:\Users\Heetae\source\repos\Learning_DirectX11\LearningDX11\Learning_DirectX11(3D)\AssimpTool\Converter.cpp(271,34): warning C4267:         ]
  (소스 파일 '/Converter.cpp'을(를) 컴파일하는 중)
  
C:\Users\Heetae\source\repos\Learning_DirectX11\LearningDX11\Learning_DirectX11(3D)\AssimpTool\Converter.cpp(279,23): warning C4267: '초기화 중': 'size_t'에서 'uint32'(으)로 변환하면서 데이터가 손실될 수 있습니다.
  (소스 파일 '/Converter.cpp'을(를) 컴파일하는 중)
  
C:\Users\Heetae\source\repos\Learning_DirectX11\LearningDX11\Learning_DirectX11(3D)\AssimpTool\Converter.cpp(284,22): warning C4267: '초기화 중': 'size_t'에서 'uint32'(으)로 변환하면서 데이터가 손실될 수 있습니다.
  (소스 파일 '/Converter.cpp'을(를) 컴파일하는 중)
  
C:\Users\Heetae\source\repos\Learning_DirectX11\LearningDX11\Learning_DirectX11(3D)\AssimpTool\Converter.cpp(592,37): warning C4244: '=': 'double'에서 'float'(으)로 변환하면서 데이터가 손실될 수 있습니다.
  (소스 파일 '/Converter.cpp'을(를) 컴파일하는 중)
  
C:\Users\Heetae\source\repos\Learning_DirectX11\LearningDX11\Learning_DirectX11(3D)\AssimpTool\Converter.cpp(633,12): warning C4267: '초기화 중': 'size_t'에서 'uint32'(으)로 변환하면서 데이터가 손실될 수 있습니다.
  (소스 파일 '/Converter.cpp'을(를) 컴파일하는 중)
  
C:\Users\Heetae\source\repos\Learning_DirectX11\LearningDX11\Learning_DirectX11(3D)\AssimpTool\Converter.cpp(678,16): warning C4267: '초기화 중': 'size_t'에서 'uint32'(으)로 변환하면서 데이터가 손실될 수 있습니다.
  (소스 파일 '/Converter.cpp'을(를) 컴파일하는 중)
  
C:\Users\Heetae\source\repos\Learning_DirectX11\LearningDX11\Learning_DirectX11(3D)\AssimpTool\Converter.cpp(748,47): warning C4267: '인수': 'size_t'에서 'const T'(으)로 변환하면서 데이터가 손실될 수 있습니다.
C:\Users\Heetae\source\repos\Learning_DirectX11\LearningDX11\Learning_DirectX11(3D)\AssimpTool\Converter.cpp(748,47): warning C4267:         with
C:\Users\Heetae\source\repos\Learning_DirectX11\LearningDX11\Learning_DirectX11(3D)\AssimpTool\Converter.cpp(748,47): warning C4267:         [
C:\Users\Heetae\source\repos\Learning_DirectX11\LearningDX11\Learning_DirectX11(3D)\AssimpTool\Converter.cpp(748,47): warning C4267:             T=uint32
C:\Users\Heetae\source\repos\Learning_DirectX11\LearningDX11\Learning_DirectX11(3D)\AssimpTool\Converter.cpp(748,47): warning C4267:         ]
  (소스 파일 '/Converter.cpp'을(를) 컴파일하는 중)
  
C:\Users\Heetae\source\repos\Learning_DirectX11\LearningDX11\Learning_DirectX11(3D)\AssimpTool\Converter.cpp(754,48): warning C4267: '인수': 'size_t'에서 'const T'(으)로 변환하면서 데이터가 손실될 수 있습니다.
C:\Users\Heetae\source\repos\Learning_DirectX11\LearningDX11\Learning_DirectX11(3D)\AssimpTool\Converter.cpp(754,48): warning C4267:         with
C:\Users\Heetae\source\repos\Learning_DirectX11\LearningDX11\Learning_DirectX11(3D)\AssimpTool\Converter.cpp(754,48): warning C4267:         [
C:\Users\Heetae\source\repos\Learning_DirectX11\LearningDX11\Learning_DirectX11(3D)\AssimpTool\Converter.cpp(754,48): warning C4267:             T=uint32
C:\Users\Heetae\source\repos\Learning_DirectX11\LearningDX11\Learning_DirectX11(3D)\AssimpTool\Converter.cpp(754,48): warning C4267:         ]
  (소스 파일 '/Converter.cpp'을(를) 컴파일하는 중)
  
C:\Users\Heetae\source\repos\Learning_DirectX11\LearningDX11\Learning_DirectX11(3D)\AssimpTool\Converter.cpp(755,64): warning C4267: '인수': 'size_t'에서 'uint32'(으)로 변환하면서 데이터가 손실될 수 있습니다.
  (소스 파일 '/Converter.cpp'을(를) 컴파일하는 중)
  
  ImGUIDemo.cpp
C:\Users\Heetae\source\repos\Learning_DirectX11\LearningDX11\Learning_DirectX11(3D)\Libraries\Include\Engine\Model.h(38,54): warning C4267: 'return': 'size_t'에서 'uint32'(으)로 변환하면서 데이터가 손실될 수 있습니다.
  (소스 파일 '/ImGUIDemo.cpp'을(를) 컴파일하는 중)
  
  Main.cpp
  StaticMeshDemo.cpp
C:\Users\Heetae\source\repos\Learning_DirectX11\LearningDX11\Learning_DirectX11(3D)\Libraries\Include\Engine\Model.h(38,54): warning C4267: 'return': 'size_t'에서 'uint32'(으)로 변환하면서 데이터가 손실될 수 있습니다.
  (소스 파일 '/StaticMeshDemo.cpp'을(를) 컴파일하는 중)
  
  코드를 생성하고 있습니다...
DirectXTex_debug.lib(DirectXTexImage.obj) : warning LNK4099: '' PDB를 'DirectXTex_debug.lib(DirectXTexImage.obj)' 또는 ''에서 찾을 수 없습니다. 디버그 정보가 없는 것처럼 개체를 링크합니다.
DirectXTex_debug.lib(DirectXTexDDS.obj) : warning LNK4099: '' PDB를 'DirectXTex_debug.lib(DirectXTexDDS.obj)' 또는 ''에서 찾을 수 없습니다. 디버그 정보가 없는 것처럼 개체를 링크합니다.
DirectXTex_debug.lib(DirectXTexD3D11.obj) : warning LNK4099: '' PDB를 'DirectXTex_debug.lib(DirectXTexD3D11.obj)' 또는 ''에서 찾을 수 없습니다. 디버그 정보가 없는 것처럼 개체를 링크합니다.
DirectXTex_debug.lib(DirectXTexWIC.obj) : warning LNK4099: '' PDB를 'DirectXTex_debug.lib(DirectXTexWIC.obj)' 또는 ''에서 찾을 수 없습니다. 디버그 정보가 없는 것처럼 개체를 링크합니다.
DirectXTex_debug.lib(DirectXTexUtil.obj) : warning LNK4099: '' PDB를 'DirectXTex_debug.lib(DirectXTexUtil.obj)' 또는 ''에서 찾을 수 없습니다. 디버그 정보가 없는 것처럼 개체를 링크합니다.
DirectXTex_debug.lib(DirectXTexConvert.obj) : warning LNK4099: '' PDB를 'DirectXTex_debug.lib(DirectXTexConvert.obj)' 또는 ''에서 찾을 수 없습니다. 디버그 정보가 없는 것처럼 개체를 링크합니다.
DirectXTex_debug.lib(DirectXTexMipMaps.obj) : warning LNK4099: '' PDB를 'DirectXTex_debug.lib(DirectXTexMipMaps.obj)' 또는 ''에서 찾을 수 없습니다. 디버그 정보가 없는 것처럼 개체를 링크합니다.
DirectXTex_debug.lib(DirectXTexCompress.obj) : warning LNK4099: '' PDB를 'DirectXTex_debug.lib(DirectXTexCompress.obj)' 또는 ''에서 찾을 수 없습니다. 디버그 정보가 없는 것처럼 개체를 링크합니다.
DirectXTex_debug.lib(BC.obj) : warning LNK4099: '' PDB를 'DirectXTex_debug.lib(BC.obj)' 또는 ''에서 찾을 수 없습니다. 디버그 정보가 없는 것처럼 개체를 링크합니다.
DirectXTex_debug.lib(BC4BC5.obj) : warning LNK4099: '' PDB를 'DirectXTex_debug.lib(BC4BC5.obj)' 또는 ''에서 찾을 수 없습니다. 디버그 정보가 없는 것처럼 개체를 링크합니다.
DirectXTex_debug.lib(BC6HBC7.obj) : warning LNK4099: '' PDB를 'DirectXTex_debug.lib(BC6HBC7.obj)' 또는 ''에서 찾을 수 없습니다. 디버그 정보가 없는 것처럼 개체를 링크합니다.
  AssimpTool.vcxproj -> C:\Users\Heetae\source\repos\Learning_DirectX11\LearningDX11\Learning_DirectX11(3D)\Binaries\AssimpTool.exe
