c:\users\heetae\source\repos\learning_directx11\learningdx11\learning_directx11(3d)\intermediate\debug\assimptool.pch
c:\users\heetae\source\repos\learning_directx11\learningdx11\learning_directx11(3d)\intermediate\debug\vc143.pdb
c:\users\heetae\source\repos\learning_directx11\learningdx11\learning_directx11(3d)\intermediate\debug\vc143.idb
c:\users\heetae\source\repos\learning_directx11\learningdx11\learning_directx11(3d)\intermediate\debug\pch.obj
c:\users\heetae\source\repos\learning_directx11\learningdx11\learning_directx11(3d)\intermediate\debug\main.obj
c:\users\heetae\source\repos\learning_directx11\learningdx11\learning_directx11(3d)\intermediate\debug\converter.obj
c:\users\heetae\source\repos\learning_directx11\learningdx11\learning_directx11(3d)\intermediate\debug\camerascript.obj
c:\users\heetae\source\repos\learning_directx11\learningdx11\learning_directx11(3d)\intermediate\debug\assimptool.obj
c:\users\heetae\source\repos\learning_directx11\learningdx11\learning_directx11(3d)\intermediate\debug\astype.obj
c:\users\heetae\source\repos\learning_directx11\learningdx11\learning_directx11(3d)\binaries\assimptool.exe
c:\users\heetae\source\repos\learning_directx11\learningdx11\learning_directx11(3d)\binaries\assimptool.pdb
c:\users\heetae\source\repos\learning_directx11\learningdx11\learning_directx11(3d)\intermediate\debug\assimptool.ilk
c:\users\heetae\source\repos\learning_directx11\learningdx11\learning_directx11(3d)\intermediate\debug\camera.obj
c:\users\heetae\source\repos\learning_directx11\learningdx11\learning_directx11(3d)\intermediate\debug\component.obj
c:\users\heetae\source\repos\learning_directx11\learningdx11\learning_directx11(3d)\intermediate\debug\constantbuffer.obj
c:\users\heetae\source\repos\learning_directx11\learningdx11\learning_directx11(3d)\intermediate\debug\fileutils.obj
c:\users\heetae\source\repos\learning_directx11\learningdx11\learning_directx11(3d)\intermediate\debug\game.obj
c:\users\heetae\source\repos\learning_directx11\learningdx11\learning_directx11(3d)\intermediate\debug\gameobject.obj
c:\users\heetae\source\repos\learning_directx11\learningdx11\learning_directx11(3d)\intermediate\debug\geometry.obj
c:\users\heetae\source\repos\learning_directx11\learningdx11\learning_directx11(3d)\intermediate\debug\geometryhelper.obj
c:\users\heetae\source\repos\learning_directx11\learningdx11\learning_directx11(3d)\intermediate\debug\graphics.obj
c:\users\heetae\source\repos\learning_directx11\learningdx11\learning_directx11(3d)\intermediate\debug\iexecute.obj
c:\users\heetae\source\repos\learning_directx11\learningdx11\learning_directx11(3d)\intermediate\debug\indexbuffer.obj
c:\users\heetae\source\repos\learning_directx11\learningdx11\learning_directx11(3d)\intermediate\debug\inputmanager.obj
c:\users\heetae\source\repos\learning_directx11\learningdx11\learning_directx11(3d)\intermediate\debug\material.obj
c:\users\heetae\source\repos\learning_directx11\learningdx11\learning_directx11(3d)\intermediate\debug\mesh.obj
c:\users\heetae\source\repos\learning_directx11\learningdx11\learning_directx11(3d)\intermediate\debug\meshrenderer.obj
c:\users\heetae\source\repos\learning_directx11\learningdx11\learning_directx11(3d)\intermediate\debug\monobehaviour.obj
c:\users\heetae\source\repos\learning_directx11\learningdx11\learning_directx11(3d)\intermediate\debug\pass.obj
c:\users\heetae\source\repos\learning_directx11\learningdx11\learning_directx11(3d)\intermediate\debug\rendermanager.obj
c:\users\heetae\source\repos\learning_directx11\learningdx11\learning_directx11(3d)\intermediate\debug\resourcebase.obj
c:\users\heetae\source\repos\learning_directx11\learningdx11\learning_directx11(3d)\intermediate\debug\resourcemanager.obj
c:\users\heetae\source\repos\learning_directx11\learningdx11\learning_directx11(3d)\intermediate\debug\shader.obj
c:\users\heetae\source\repos\learning_directx11\learningdx11\learning_directx11(3d)\intermediate\debug\simplemath.obj
c:\users\heetae\source\repos\learning_directx11\learningdx11\learning_directx11(3d)\intermediate\debug\technique.obj
c:\users\heetae\source\repos\learning_directx11\learningdx11\learning_directx11(3d)\intermediate\debug\texture.obj
c:\users\heetae\source\repos\learning_directx11\learningdx11\learning_directx11(3d)\intermediate\debug\timemanager.obj
c:\users\heetae\source\repos\learning_directx11\learningdx11\learning_directx11(3d)\intermediate\debug\tinyxml2.obj
c:\users\heetae\source\repos\learning_directx11\learningdx11\learning_directx11(3d)\intermediate\debug\transform.obj
c:\users\heetae\source\repos\learning_directx11\learningdx11\learning_directx11(3d)\intermediate\debug\utils.obj
c:\users\heetae\source\repos\learning_directx11\learningdx11\learning_directx11(3d)\intermediate\debug\vertexbuffer.obj
c:\users\heetae\source\repos\learning_directx11\learningdx11\learning_directx11(3d)\intermediate\debug\vertexdata.obj
c:\users\heetae\source\repos\learning_directx11\learningdx11\learning_directx11(3d)\intermediate\debug\engine.pch
c:\users\heetae\source\repos\learning_directx11\learningdx11\learning_directx11(3d)\intermediate\debug\assimptool.vcxproj.filelistabsolute.txt
c:\users\heetae\source\repos\learning_directx11\learningdx11\learning_directx11(3d)\intermediate\debug\assimptool.tlog\cl.command.1.tlog
c:\users\heetae\source\repos\learning_directx11\learningdx11\learning_directx11(3d)\intermediate\debug\assimptool.tlog\cl.items.tlog
c:\users\heetae\source\repos\learning_directx11\learningdx11\learning_directx11(3d)\intermediate\debug\assimptool.tlog\cl.read.1.tlog
c:\users\heetae\source\repos\learning_directx11\learningdx11\learning_directx11(3d)\intermediate\debug\assimptool.tlog\cl.write.1.tlog
c:\users\heetae\source\repos\learning_directx11\learningdx11\learning_directx11(3d)\intermediate\debug\assimptool.tlog\link.command.1.tlog
c:\users\heetae\source\repos\learning_directx11\learningdx11\learning_directx11(3d)\intermediate\debug\assimptool.tlog\link.read.1.tlog
c:\users\heetae\source\repos\learning_directx11\learningdx11\learning_directx11(3d)\intermediate\debug\assimptool.tlog\link.secondary.1.tlog
c:\users\heetae\source\repos\learning_directx11\learningdx11\learning_directx11(3d)\intermediate\debug\assimptool.tlog\link.write.1.tlog
