c:\users\heetae\source\repos\learning_directx11\learningdx11\learning_directx11(3d)\intermediate\debug\client.pch
c:\users\heetae\source\repos\learning_directx11\learningdx11\learning_directx11(3d)\intermediate\debug\vc143.pdb
c:\users\heetae\source\repos\learning_directx11\learningdx11\learning_directx11(3d)\intermediate\debug\vc143.idb
c:\users\heetae\source\repos\learning_directx11\learningdx11\learning_directx11(3d)\intermediate\debug\pch.obj
c:\users\heetae\source\repos\learning_directx11\learningdx11\learning_directx11(3d)\intermediate\debug\main.obj
c:\users\heetae\source\repos\learning_directx11\learningdx11\learning_directx11(3d)\intermediate\debug\camerascript.obj
c:\users\heetae\source\repos\learning_directx11\learningdx11\learning_directx11(3d)\intermediate\debug\18. normalmappingdemo.obj
c:\users\heetae\source\repos\learning_directx11\learningdx11\learning_directx11(3d)\binaries\00. global.cso
c:\users\heetae\source\repos\learning_directx11\learningdx11\learning_directx11(3d)\binaries\00. light.cso
c:\users\heetae\source\repos\learning_directx11\learningdx11\learning_directx11(3d)\binaries\01. triangle.cso
c:\users\heetae\source\repos\learning_directx11\learningdx11\learning_directx11(3d)\binaries\02. quad.cso
c:\users\heetae\source\repos\learning_directx11\learningdx11\learning_directx11(3d)\binaries\03. constantbuffer.cso
c:\users\heetae\source\repos\learning_directx11\learningdx11\learning_directx11(3d)\binaries\04. texture.cso
c:\users\heetae\source\repos\learning_directx11\learningdx11\learning_directx11(3d)\binaries\05. sampler.cso
c:\users\heetae\source\repos\learning_directx11\learningdx11\learning_directx11(3d)\binaries\06. terrain.cso
c:\users\heetae\source\repos\learning_directx11\learningdx11\learning_directx11(3d)\binaries\07. normal.cso
c:\users\heetae\source\repos\learning_directx11\learningdx11\learning_directx11(3d)\binaries\08. mesh.cso
c:\users\heetae\source\repos\learning_directx11\learningdx11\learning_directx11(3d)\binaries\09. globaltestshader.cso
c:\users\heetae\source\repos\learning_directx11\learningdx11\learning_directx11(3d)\binaries\10. lighting_ambient.cso
c:\users\heetae\source\repos\learning_directx11\learningdx11\learning_directx11(3d)\binaries\11. lighting_diffuse.cso
c:\users\heetae\source\repos\learning_directx11\learningdx11\learning_directx11(3d)\binaries\12. lighting_specular.cso
c:\users\heetae\source\repos\learning_directx11\learningdx11\learning_directx11(3d)\binaries\13. lighting_emissive.cso
c:\users\heetae\source\repos\learning_directx11\learningdx11\learning_directx11(3d)\binaries\14. lighting.cso
c:\users\heetae\source\repos\learning_directx11\learningdx11\learning_directx11(3d)\binaries\15. normalmapping.cso
c:\users\heetae\source\repos\learning_directx11\learningdx11\learning_directx11(3d)\binaries\16. modeldemo.cso
c:\users\heetae\source\repos\learning_directx11\learningdx11\learning_directx11(3d)\binaries\17. animationdemo.cso
c:\users\heetae\source\repos\learning_directx11\learningdx11\learning_directx11(3d)\binaries\client.exe
c:\users\heetae\source\repos\learning_directx11\learningdx11\learning_directx11(3d)\binaries\client.pdb
c:\users\heetae\source\repos\learning_directx11\learningdx11\learning_directx11(3d)\intermediate\debug\client.ilk
c:\users\heetae\source\repos\learning_directx11\learningdx11\learning_directx11(3d)\intermediate\debug\camera.obj
c:\users\heetae\source\repos\learning_directx11\learningdx11\learning_directx11(3d)\intermediate\debug\component.obj
c:\users\heetae\source\repos\learning_directx11\learningdx11\learning_directx11(3d)\intermediate\debug\constantbuffer.obj
c:\users\heetae\source\repos\learning_directx11\learningdx11\learning_directx11(3d)\intermediate\debug\etcutils.obj
c:\users\heetae\source\repos\learning_directx11\learningdx11\learning_directx11(3d)\intermediate\debug\fileutils.obj
c:\users\heetae\source\repos\learning_directx11\learningdx11\learning_directx11(3d)\intermediate\debug\game.obj
c:\users\heetae\source\repos\learning_directx11\learningdx11\learning_directx11(3d)\intermediate\debug\gameobject.obj
c:\users\heetae\source\repos\learning_directx11\learningdx11\learning_directx11(3d)\intermediate\debug\geometry.obj
c:\users\heetae\source\repos\learning_directx11\learningdx11\learning_directx11(3d)\intermediate\debug\geometryhelper.obj
c:\users\heetae\source\repos\learning_directx11\learningdx11\learning_directx11(3d)\intermediate\debug\graphics.obj
c:\users\heetae\source\repos\learning_directx11\learningdx11\learning_directx11(3d)\intermediate\debug\iexecute.obj
c:\users\heetae\source\repos\learning_directx11\learningdx11\learning_directx11(3d)\intermediate\debug\imgui.obj
c:\users\heetae\source\repos\learning_directx11\learningdx11\learning_directx11(3d)\intermediate\debug\imguimanager.obj
c:\users\heetae\source\repos\learning_directx11\learningdx11\learning_directx11(3d)\intermediate\debug\imgui_demo.obj
c:\users\heetae\source\repos\learning_directx11\learningdx11\learning_directx11(3d)\intermediate\debug\imgui_draw.obj
c:\users\heetae\source\repos\learning_directx11\learningdx11\learning_directx11(3d)\intermediate\debug\imgui_impl_dx11.obj
c:\users\heetae\source\repos\learning_directx11\learningdx11\learning_directx11(3d)\intermediate\debug\imgui_impl_win32.obj
c:\users\heetae\source\repos\learning_directx11\learningdx11\learning_directx11(3d)\intermediate\debug\imgui_tables.obj
c:\users\heetae\source\repos\learning_directx11\learningdx11\learning_directx11(3d)\intermediate\debug\imgui_widgets.obj
c:\users\heetae\source\repos\learning_directx11\learningdx11\learning_directx11(3d)\intermediate\debug\indexbuffer.obj
c:\users\heetae\source\repos\learning_directx11\learningdx11\learning_directx11(3d)\intermediate\debug\inputmanager.obj
c:\users\heetae\source\repos\learning_directx11\learningdx11\learning_directx11(3d)\intermediate\debug\material.obj
c:\users\heetae\source\repos\learning_directx11\learningdx11\learning_directx11(3d)\intermediate\debug\mesh.obj
c:\users\heetae\source\repos\learning_directx11\learningdx11\learning_directx11(3d)\intermediate\debug\meshrenderer.obj
c:\users\heetae\source\repos\learning_directx11\learningdx11\learning_directx11(3d)\intermediate\debug\model.obj
c:\users\heetae\source\repos\learning_directx11\learningdx11\learning_directx11(3d)\intermediate\debug\modelanimation.obj
c:\users\heetae\source\repos\learning_directx11\learningdx11\learning_directx11(3d)\intermediate\debug\modelanimator.obj
c:\users\heetae\source\repos\learning_directx11\learningdx11\learning_directx11(3d)\intermediate\debug\modelmesh.obj
c:\users\heetae\source\repos\learning_directx11\learningdx11\learning_directx11(3d)\intermediate\debug\modelrenderer.obj
c:\users\heetae\source\repos\learning_directx11\learningdx11\learning_directx11(3d)\intermediate\debug\monobehaviour.obj
c:\users\heetae\source\repos\learning_directx11\learningdx11\learning_directx11(3d)\intermediate\debug\mymathutils.obj
c:\users\heetae\source\repos\learning_directx11\learningdx11\learning_directx11(3d)\intermediate\debug\pass.obj
c:\users\heetae\source\repos\learning_directx11\learningdx11\learning_directx11(3d)\intermediate\debug\rendermanager.obj
c:\users\heetae\source\repos\learning_directx11\learningdx11\learning_directx11(3d)\intermediate\debug\resourcebase.obj
c:\users\heetae\source\repos\learning_directx11\learningdx11\learning_directx11(3d)\intermediate\debug\resourcemanager.obj
c:\users\heetae\source\repos\learning_directx11\learningdx11\learning_directx11(3d)\intermediate\debug\shader.obj
c:\users\heetae\source\repos\learning_directx11\learningdx11\learning_directx11(3d)\intermediate\debug\simplemath.obj
c:\users\heetae\source\repos\learning_directx11\learningdx11\learning_directx11(3d)\intermediate\debug\technique.obj
c:\users\heetae\source\repos\learning_directx11\learningdx11\learning_directx11(3d)\intermediate\debug\texture.obj
c:\users\heetae\source\repos\learning_directx11\learningdx11\learning_directx11(3d)\intermediate\debug\timemanager.obj
c:\users\heetae\source\repos\learning_directx11\learningdx11\learning_directx11(3d)\intermediate\debug\tinyxml2.obj
c:\users\heetae\source\repos\learning_directx11\learningdx11\learning_directx11(3d)\intermediate\debug\transform.obj
c:\users\heetae\source\repos\learning_directx11\learningdx11\learning_directx11(3d)\intermediate\debug\utils.obj
c:\users\heetae\source\repos\learning_directx11\learningdx11\learning_directx11(3d)\intermediate\debug\vertexbuffer.obj
c:\users\heetae\source\repos\learning_directx11\learningdx11\learning_directx11(3d)\intermediate\debug\vertexdata.obj
c:\users\heetae\source\repos\learning_directx11\learningdx11\learning_directx11(3d)\intermediate\debug\engine.pch
c:\users\heetae\source\repos\learning_directx11\learningdx11\learning_directx11(3d)\intermediate\debug\client.vcxproj.filelistabsolute.txt
c:\users\heetae\source\repos\learning_directx11\learningdx11\learning_directx11(3d)\intermediate\debug\client.tlog\cl.command.1.tlog
c:\users\heetae\source\repos\learning_directx11\learningdx11\learning_directx11(3d)\intermediate\debug\client.tlog\cl.items.tlog
c:\users\heetae\source\repos\learning_directx11\learningdx11\learning_directx11(3d)\intermediate\debug\client.tlog\cl.read.1.tlog
c:\users\heetae\source\repos\learning_directx11\learningdx11\learning_directx11(3d)\intermediate\debug\client.tlog\cl.write.1.tlog
c:\users\heetae\source\repos\learning_directx11\learningdx11\learning_directx11(3d)\intermediate\debug\client.tlog\fxc.command.1.tlog
c:\users\heetae\source\repos\learning_directx11\learningdx11\learning_directx11(3d)\intermediate\debug\client.tlog\fxc.read.1.tlog
c:\users\heetae\source\repos\learning_directx11\learningdx11\learning_directx11(3d)\intermediate\debug\client.tlog\fxc.write.1.tlog
c:\users\heetae\source\repos\learning_directx11\learningdx11\learning_directx11(3d)\intermediate\debug\client.tlog\link.command.1.tlog
c:\users\heetae\source\repos\learning_directx11\learningdx11\learning_directx11(3d)\intermediate\debug\client.tlog\link.read.1.tlog
c:\users\heetae\source\repos\learning_directx11\learningdx11\learning_directx11(3d)\intermediate\debug\client.tlog\link.secondary.1.tlog
c:\users\heetae\source\repos\learning_directx11\learningdx11\learning_directx11(3d)\intermediate\debug\client.tlog\link.write.1.tlog
