c:\users\heetae\source\repos\learning_directx11\learningdx11\learning_directx11(3d)\libraries\lib\engine\engine.pdb
c:\users\heetae\source\repos\learning_directx11\learningdx11\learning_directx11(3d)\libraries\lib\engine\engine.idb
c:\users\heetae\source\repos\learning_directx11\learningdx11\learning_directx11(3d)\intermediate\debug\tinyxml2.obj
c:\users\heetae\source\repos\learning_directx11\learningdx11\learning_directx11(3d)\intermediate\debug\timemanager.obj
c:\users\heetae\source\repos\learning_directx11\learningdx11\learning_directx11(3d)\intermediate\debug\texture.obj
c:\users\heetae\source\repos\learning_directx11\learningdx11\learning_directx11(3d)\intermediate\debug\resourcemanager.obj
c:\users\heetae\source\repos\learning_directx11\learningdx11\learning_directx11(3d)\intermediate\debug\geometryhelper.obj
c:\users\heetae\source\repos\learning_directx11\learningdx11\learning_directx11(3d)\intermediate\debug\geometry.obj
c:\users\heetae\source\repos\learning_directx11\learningdx11\learning_directx11(3d)\intermediate\debug\vertexdata.obj
c:\users\heetae\source\repos\learning_directx11\learningdx11\learning_directx11(3d)\intermediate\debug\vertexbuffer.obj
c:\users\heetae\source\repos\learning_directx11\learningdx11\learning_directx11(3d)\intermediate\debug\utils.obj
c:\users\heetae\source\repos\learning_directx11\learningdx11\learning_directx11(3d)\intermediate\debug\technique.obj
c:\users\heetae\source\repos\learning_directx11\learningdx11\learning_directx11(3d)\intermediate\debug\simplemath.obj
c:\users\heetae\source\repos\learning_directx11\learningdx11\learning_directx11(3d)\intermediate\debug\shader.obj
c:\users\heetae\source\repos\learning_directx11\learningdx11\learning_directx11(3d)\intermediate\debug\resourcebase.obj
c:\users\heetae\source\repos\learning_directx11\learningdx11\learning_directx11(3d)\intermediate\debug\pass.obj
c:\users\heetae\source\repos\learning_directx11\learningdx11\learning_directx11(3d)\intermediate\debug\inputmanager.obj
c:\users\heetae\source\repos\learning_directx11\learningdx11\learning_directx11(3d)\intermediate\debug\indexbuffer.obj
c:\users\heetae\source\repos\learning_directx11\learningdx11\learning_directx11(3d)\intermediate\debug\iexecute.obj
c:\users\heetae\source\repos\learning_directx11\learningdx11\learning_directx11(3d)\intermediate\debug\graphics.obj
c:\users\heetae\source\repos\learning_directx11\learningdx11\learning_directx11(3d)\intermediate\debug\game.obj
c:\users\heetae\source\repos\learning_directx11\learningdx11\learning_directx11(3d)\intermediate\debug\constantbuffer.obj
c:\users\heetae\source\repos\learning_directx11\learningdx11\learning_directx11(3d)\intermediate\debug\monobehaviour.obj
c:\users\heetae\source\repos\learning_directx11\learningdx11\learning_directx11(3d)\intermediate\debug\gameobject.obj
c:\users\heetae\source\repos\learning_directx11\learningdx11\learning_directx11(3d)\intermediate\debug\component.obj
c:\users\heetae\source\repos\learning_directx11\learningdx11\learning_directx11(3d)\intermediate\debug\camera.obj
c:\users\heetae\source\repos\learning_directx11\learningdx11\learning_directx11(3d)\intermediate\debug\transform.obj
c:\users\heetae\source\repos\learning_directx11\learningdx11\learning_directx11(3d)\intermediate\debug\mesh.obj
c:\users\heetae\source\repos\learning_directx11\learningdx11\learning_directx11(3d)\intermediate\debug\meshrenderer.obj
c:\users\heetae\source\repos\learning_directx11\learningdx11\learning_directx11(3d)\intermediate\debug\rendermanager.obj
c:\users\heetae\source\repos\learning_directx11\learningdx11\learning_directx11(3d)\intermediate\debug\material.obj
c:\users\heetae\source\repos\learning_directx11\learningdx11\learning_directx11(3d)\intermediate\debug\engine.pch
c:\users\heetae\source\repos\learning_directx11\learningdx11\learning_directx11(3d)\intermediate\debug\pch.obj
c:\users\heetae\source\repos\learning_directx11\learningdx11\learning_directx11(3d)\libraries\lib\engine\engine.lib
c:\users\heetae\source\repos\learning_directx11\learningdx11\learning_directx11(3d)\intermediate\debug\01. triangledemo.obj
c:\users\heetae\source\repos\learning_directx11\learningdx11\learning_directx11(3d)\intermediate\debug\02. quaddemo.obj
c:\users\heetae\source\repos\learning_directx11\learningdx11\learning_directx11(3d)\intermediate\debug\03. constantbufferdemo.obj
c:\users\heetae\source\repos\learning_directx11\learningdx11\learning_directx11(3d)\intermediate\debug\04. camerademo.obj
c:\users\heetae\source\repos\learning_directx11\learningdx11\learning_directx11(3d)\intermediate\debug\05. texturedemo.obj
c:\users\heetae\source\repos\learning_directx11\learningdx11\learning_directx11(3d)\intermediate\debug\06. samplerdemo.obj
c:\users\heetae\source\repos\learning_directx11\learningdx11\learning_directx11(3d)\intermediate\debug\07. heightmapdemo.obj
c:\users\heetae\source\repos\learning_directx11\learningdx11\learning_directx11(3d)\intermediate\debug\08. normaldemo.obj
c:\users\heetae\source\repos\learning_directx11\learningdx11\learning_directx11(3d)\intermediate\debug\09. meshdemo.obj
c:\users\heetae\source\repos\learning_directx11\learningdx11\learning_directx11(3d)\intermediate\debug\10. globaltestdemo.obj
c:\users\heetae\source\repos\learning_directx11\learningdx11\learning_directx11(3d)\intermediate\debug\11. depthstencildemo.obj
c:\users\heetae\source\repos\learning_directx11\learningdx11\learning_directx11(3d)\intermediate\debug\12. ambientdemo.obj
c:\users\heetae\source\repos\learning_directx11\learningdx11\learning_directx11(3d)\intermediate\debug\13. diffusedemo.obj
c:\users\heetae\source\repos\learning_directx11\learningdx11\learning_directx11(3d)\intermediate\debug\14. speculardemo.obj
c:\users\heetae\source\repos\learning_directx11\learningdx11\learning_directx11(3d)\intermediate\debug\15. emissingdemo.obj
c:\users\heetae\source\repos\learning_directx11\learningdx11\learning_directx11(3d)\intermediate\debug\15. emissivedemo.obj
c:\users\heetae\source\repos\learning_directx11\learningdx11\learning_directx11(3d)\intermediate\debug\16. lightingdemo.obj
c:\users\heetae\source\repos\learning_directx11\learningdx11\learning_directx11(3d)\intermediate\debug\17. materialdemo.obj
c:\users\heetae\source\repos\learning_directx11\learningdx11\learning_directx11(3d)\intermediate\debug\camerascript.obj
c:\users\heetae\source\repos\learning_directx11\learningdx11\learning_directx11(3d)\intermediate\debug\engine.obj
c:\users\heetae\source\repos\learning_directx11\learningdx11\learning_directx11(3d)\intermediate\debug\main.obj
c:\users\heetae\source\repos\learning_directx11\learningdx11\learning_directx11(3d)\intermediate\debug\client.ilk
c:\users\heetae\source\repos\learning_directx11\learningdx11\learning_directx11(3d)\intermediate\debug\client.pch
c:\users\heetae\source\repos\learning_directx11\learningdx11\learning_directx11(3d)\intermediate\debug\vc143.idb
c:\users\heetae\source\repos\learning_directx11\learningdx11\learning_directx11(3d)\intermediate\debug\vc143.pdb
c:\users\heetae\source\repos\learning_directx11\learningdx11\learning_directx11(3d)\intermediate\debug\engine.vcxproj.filelistabsolute.txt
c:\users\heetae\source\repos\learning_directx11\learningdx11\learning_directx11(3d)\intermediate\debug\engine.tlog\cl.command.1.tlog
c:\users\heetae\source\repos\learning_directx11\learningdx11\learning_directx11(3d)\intermediate\debug\engine.tlog\cl.items.tlog
c:\users\heetae\source\repos\learning_directx11\learningdx11\learning_directx11(3d)\intermediate\debug\engine.tlog\cl.read.1.tlog
c:\users\heetae\source\repos\learning_directx11\learningdx11\learning_directx11(3d)\intermediate\debug\engine.tlog\cl.write.1.tlog
c:\users\heetae\source\repos\learning_directx11\learningdx11\learning_directx11(3d)\intermediate\debug\engine.tlog\lib-link.read.1.tlog
c:\users\heetae\source\repos\learning_directx11\learningdx11\learning_directx11(3d)\intermediate\debug\engine.tlog\lib-link.write.1.tlog
c:\users\heetae\source\repos\learning_directx11\learningdx11\learning_directx11(3d)\intermediate\debug\engine.tlog\lib.command.1.tlog
