C:\Program Files\Microsoft Visual Studio\2022\Community\MSBuild\Microsoft\VC\v170\Microsoft.CppBuild.targets(531,5): warning MSB8028: 중간 디렉터리(C:\Users\Heetae\source\repos\Learning_DirectX11\LearningDX11\Learning_DirectX11(3D)\Intermediate\Debug\)에 다른 프로젝트(Client.vcxproj)에서 공유하는 파일이 포함되어 있습니다.  이로 인해 잘못된 정리 및 다시 빌드 동작이 수행될 수 있습니다.
  C:\Users\Heetae\source\repos\Learning_DirectX11\LearningDX11\Learning_DirectX11(3D)\Engine\Camera.h
  C:\Users\Heetae\source\repos\Learning_DirectX11\LearningDX11\Learning_DirectX11(3D)\Engine\Component.h
  C:\Users\Heetae\source\repos\Learning_DirectX11\LearningDX11\Learning_DirectX11(3D)\Engine\ConstantBuffer.h
  C:\Users\Heetae\source\repos\Learning_DirectX11\LearningDX11\Learning_DirectX11(3D)\Engine\Define.h
  C:\Users\Heetae\source\repos\Learning_DirectX11\LearningDX11\Learning_DirectX11(3D)\Engine\EnginePch.h
  C:\Users\Heetae\source\repos\Learning_DirectX11\LearningDX11\Learning_DirectX11(3D)\Engine\Game.h
  C:\Users\Heetae\source\repos\Learning_DirectX11\LearningDX11\Learning_DirectX11(3D)\Engine\GameObject.h
  C:\Users\Heetae\source\repos\Learning_DirectX11\LearningDX11\Learning_DirectX11(3D)\Engine\Geometry.h
  C:\Users\Heetae\source\repos\Learning_DirectX11\LearningDX11\Learning_DirectX11(3D)\Engine\GeometryHelper.h
  C:\Users\Heetae\source\repos\Learning_DirectX11\LearningDX11\Learning_DirectX11(3D)\Engine\Graphics.h
  C:\Users\Heetae\source\repos\Learning_DirectX11\LearningDX11\Learning_DirectX11(3D)\Engine\IExecute.h
  C:\Users\Heetae\source\repos\Learning_DirectX11\LearningDX11\Learning_DirectX11(3D)\Engine\IndexBuffer.h
  C:\Users\Heetae\source\repos\Learning_DirectX11\LearningDX11\Learning_DirectX11(3D)\Engine\InputManager.h
  C:\Users\Heetae\source\repos\Learning_DirectX11\LearningDX11\Learning_DirectX11(3D)\Engine\Material.h
  C:\Users\Heetae\source\repos\Learning_DirectX11\LearningDX11\Learning_DirectX11(3D)\Engine\Mesh.h
  C:\Users\Heetae\source\repos\Learning_DirectX11\LearningDX11\Learning_DirectX11(3D)\Engine\MeshRenderer.h
  C:\Users\Heetae\source\repos\Learning_DirectX11\LearningDX11\Learning_DirectX11(3D)\Engine\Monobehaviour.h
  C:\Users\Heetae\source\repos\Learning_DirectX11\LearningDX11\Learning_DirectX11(3D)\Engine\MyMathUtils.h
  C:\Users\Heetae\source\repos\Learning_DirectX11\LearningDX11\Learning_DirectX11(3D)\Engine\Pass.h
  C:\Users\Heetae\source\repos\Learning_DirectX11\LearningDX11\Learning_DirectX11(3D)\Engine\pch.h
  C:\Users\Heetae\source\repos\Learning_DirectX11\LearningDX11\Learning_DirectX11(3D)\Engine\RenderManager.h
  C:\Users\Heetae\source\repos\Learning_DirectX11\LearningDX11\Learning_DirectX11(3D)\Engine\ResourceBase.h
  C:\Users\Heetae\source\repos\Learning_DirectX11\LearningDX11\Learning_DirectX11(3D)\Engine\ResourceManager.h
  C:\Users\Heetae\source\repos\Learning_DirectX11\LearningDX11\Learning_DirectX11(3D)\Engine\Shader.h
  C:\Users\Heetae\source\repos\Learning_DirectX11\LearningDX11\Learning_DirectX11(3D)\Engine\SimpleMath.h
  C:\Users\Heetae\source\repos\Learning_DirectX11\LearningDX11\Learning_DirectX11(3D)\Engine\Technique.h
  C:\Users\Heetae\source\repos\Learning_DirectX11\LearningDX11\Learning_DirectX11(3D)\Engine\Texture.h
  C:\Users\Heetae\source\repos\Learning_DirectX11\LearningDX11\Learning_DirectX11(3D)\Engine\TimeManager.h
  C:\Users\Heetae\source\repos\Learning_DirectX11\LearningDX11\Learning_DirectX11(3D)\Engine\tinyxml2.h
  C:\Users\Heetae\source\repos\Learning_DirectX11\LearningDX11\Learning_DirectX11(3D)\Engine\Transform.h
  C:\Users\Heetae\source\repos\Learning_DirectX11\LearningDX11\Learning_DirectX11(3D)\Engine\Types.h
  C:\Users\Heetae\source\repos\Learning_DirectX11\LearningDX11\Learning_DirectX11(3D)\Engine\Utils.h
  C:\Users\Heetae\source\repos\Learning_DirectX11\LearningDX11\Learning_DirectX11(3D)\Engine\VertexBuffer.h
  C:\Users\Heetae\source\repos\Learning_DirectX11\LearningDX11\Learning_DirectX11(3D)\Engine\VertexData.h
  34개 파일이 복사되었습니다.
  C:\Users\Heetae\source\repos\Learning_DirectX11\LearningDX11\Learning_DirectX11(3D)\Engine\SimpleMath.inl
  1개 파일이 복사되었습니다.
  Camera.cpp
  InputManager.cpp
  코드를 생성하고 있습니다...
  Engine.vcxproj -> C:\Users\Heetae\source\repos\Learning_DirectX11\LearningDX11\Learning_DirectX11(3D)\Libraries\Lib\Engine\Engine.lib
