  pch.cpp
C:\Program Files\Microsoft Visual Studio\2022\Community\VC\Tools\MSVC\14.41.34120\include\optional(11): warning STL4038: The contents of <optional> are available only with C++17 or later.
C:\Users\Heetae\source\repos\Learning_DirectX11\LearningDX11\Learning_DirectX11(3D)\Libraries\Include\Engine\ResourceBase.h(6,2): warning C4309: '초기화 중': 상수 값이 잘립니다.
  (소스 파일 'pch.cpp'을(를) 컴파일하는 중)
  
C:\Users\Heetae\source\repos\Learning_DirectX11\LearningDX11\Learning_DirectX11(3D)\Libraries\Include\Engine\ResourceBase.h(6,2): warning C4369: 'ResourceType::None':  열거자 값 '-1'을(를) 'unsigned char'(으)로 나타낼 수 없습니다. 값은 '-1'입니다.
  (소스 파일 'pch.cpp'을(를) 컴파일하는 중)
  
C:\Users\Heetae\source\repos\Learning_DirectX11\LearningDX11\Learning_DirectX11(3D)\Libraries\Include\Engine\ResourceBase.h(7,2): warning C4340: 'Mesh': 양의 값에서 음의 값으로 값이 래핑되었습니다.
  (소스 파일 'pch.cpp'을(를) 컴파일하는 중)
  
C:\Users\Heetae\source\repos\Learning_DirectX11\LearningDX11\Learning_DirectX11(3D)\Libraries\Include\Engine\ResourceBase.h(7,2): warning C4309: '초기화 중': 상수 값이 잘립니다.
  (소스 파일 'pch.cpp'을(를) 컴파일하는 중)
  
C:\Users\Heetae\source\repos\Learning_DirectX11\LearningDX11\Learning_DirectX11(3D)\Libraries\Include\Engine\ResourceBase.h(7,2): warning C4369: 'ResourceType::Mesh':  열거자 값 '256'을(를) 'unsigned char'(으)로 나타낼 수 없습니다. 값은 '256'입니다.
  (소스 파일 'pch.cpp'을(를) 컴파일하는 중)
  
  AssimpTool.cpp
C:\Users\Heetae\source\repos\Learning_DirectX11\LearningDX11\Learning_DirectX11(3D)\Assimp_ExternLibrary\AsTypes.h(3,20): error C2065: 'VertexTextureNormalTangentBlendData': 선언되지 않은 식별자입니다.
  (소스 파일 '/AssimpTool.cpp'을(를) 컴파일하는 중)
  
C:\Users\Heetae\source\repos\Learning_DirectX11\LearningDX11\Learning_DirectX11(3D)\Assimp_ExternLibrary\AsTypes.h(3,20): error C2187: 구문 오류: 예기치 않은 'VertexTextureNormalTangentBlendData이(가) 있습니다.
  (소스 파일 '/AssimpTool.cpp'을(를) 컴파일하는 중)
  
C:\Users\Heetae\source\repos\Learning_DirectX11\LearningDX11\Learning_DirectX11(3D)\Assimp_ExternLibrary\AsTypes.h(16,8): error C2143: 구문 오류: ';'이(가) '*' 앞에 없습니다.
  (소스 파일 '/AssimpTool.cpp'을(를) 컴파일하는 중)
  
C:\Users\Heetae\source\repos\Learning_DirectX11\LearningDX11\Learning_DirectX11(3D)\Assimp_ExternLibrary\AsTypes.h(16,2): error C4430: 형식 지정자가 없습니다. int로 가정합니다. 참고: C++에서는 기본 int를 지원하지 않습니다.
  (소스 파일 '/AssimpTool.cpp'을(를) 컴파일하는 중)
  
C:\Users\Heetae\source\repos\Learning_DirectX11\LearningDX11\Learning_DirectX11(3D)\Assimp_ExternLibrary\AsTypes.h(16,14): error C2238: ';' 앞에 예기치 않은 토큰이 있습니다.
  (소스 파일 '/AssimpTool.cpp'을(를) 컴파일하는 중)
  
C:\Users\Heetae\source\repos\Learning_DirectX11\LearningDX11\Learning_DirectX11(3D)\Assimp_ExternLibrary\AsTypes.h(17,9): error C2065: 'VertexType': 선언되지 않은 식별자입니다.
  (소스 파일 '/AssimpTool.cpp'을(를) 컴파일하는 중)
  
C:\Users\Heetae\source\repos\Learning_DirectX11\LearningDX11\Learning_DirectX11(3D)\Assimp_ExternLibrary\AsTypes.h(17,2): error C2923: 'std::vector': 'VertexType'은(는) '_Ty' 매개 변수에 대한 올바른 템플릿 형식 인수가 아닙니다.
  (소스 파일 '/AssimpTool.cpp'을(를) 컴파일하는 중)
      C:\Users\Heetae\source\repos\Learning_DirectX11\LearningDX11\Learning_DirectX11(3D)\Assimp_ExternLibrary\AsTypes.h(17,9):
      'VertexType' 선언을 참조하십시오.
  
C:\Users\Heetae\source\repos\Learning_DirectX11\LearningDX11\Learning_DirectX11(3D)\Assimp_ExternLibrary\AsTypes.h(17,2): error C2976: 'std::vector': 템플릿 인수가 너무 적습니다.
  (소스 파일 '/AssimpTool.cpp'을(를) 컴파일하는 중)
      C:\Program Files\Microsoft Visual Studio\2022\Community\VC\Tools\MSVC\14.41.34120\include\vector(429,7):
      'std::vector' 선언을 참조하십시오.
  
C:\Users\Heetae\source\repos\Learning_DirectX11\LearningDX11\Learning_DirectX11(3D)\Assimp_ExternLibrary\Converter.h(16,21): error C2061: 구문 오류: 식별자 'aiNode'
  (소스 파일 '/AssimpTool.cpp'을(를) 컴파일하는 중)
  
C:\Users\Heetae\source\repos\Learning_DirectX11\LearningDX11\Learning_DirectX11(3D)\Assimp_ExternLibrary\Converter.h(17,20): error C2061: 구문 오류: 식별자 'aiNode'
  (소스 파일 '/AssimpTool.cpp'을(를) 컴파일하는 중)
  
C:\Users\Heetae\source\repos\Learning_DirectX11\LearningDX11\Learning_DirectX11(3D)\Assimp_ExternLibrary\Converter.h(31,13): error C2065: 'Assimp': 선언되지 않은 식별자입니다.
  (소스 파일 '/AssimpTool.cpp'을(를) 컴파일하는 중)
  
C:\Users\Heetae\source\repos\Learning_DirectX11\LearningDX11\Learning_DirectX11(3D)\Assimp_ExternLibrary\Converter.h(31,13): error C2653: 'Assimp': 클래스 또는 네임스페이스 이름이 아닙니다.
  (소스 파일 '/AssimpTool.cpp'을(를) 컴파일하는 중)
  
C:\Users\Heetae\source\repos\Learning_DirectX11\LearningDX11\Learning_DirectX11(3D)\Assimp_ExternLibrary\Converter.h(31,21): error C2065: 'Importer': 선언되지 않은 식별자입니다.
  (소스 파일 '/AssimpTool.cpp'을(를) 컴파일하는 중)
  
C:\Users\Heetae\source\repos\Learning_DirectX11\LearningDX11\Learning_DirectX11(3D)\Assimp_ExternLibrary\Converter.h(31,2): error C2923: 'std::shared_ptr': 'Importer'은(는) '_Ty' 매개 변수에 대한 올바른 템플릿 형식 인수가 아닙니다.
  (소스 파일 '/AssimpTool.cpp'을(를) 컴파일하는 중)
      C:\Users\Heetae\source\repos\Learning_DirectX11\LearningDX11\Learning_DirectX11(3D)\Assimp_ExternLibrary\Converter.h(31,21):
      'Importer' 선언을 참조하십시오.
  
C:\Users\Heetae\source\repos\Learning_DirectX11\LearningDX11\Learning_DirectX11(3D)\Assimp_ExternLibrary\Converter.h(32,2): error C4430: 형식 지정자가 없습니다. int로 가정합니다. 참고: C++에서는 기본 int를 지원하지 않습니다.
  (소스 파일 '/AssimpTool.cpp'을(를) 컴파일하는 중)
  
C:\Users\Heetae\source\repos\Learning_DirectX11\LearningDX11\Learning_DirectX11(3D)\Assimp_ExternLibrary\Converter.h(32,15): error C2143: 구문 오류: ';'이(가) '*' 앞에 없습니다.
  (소스 파일 '/AssimpTool.cpp'을(를) 컴파일하는 중)
  
C:\Users\Heetae\source\repos\Learning_DirectX11\LearningDX11\Learning_DirectX11(3D)\Assimp_ExternLibrary\Converter.h(32,23): error C2238: ';' 앞에 예기치 않은 토큰이 있습니다.
  (소스 파일 '/AssimpTool.cpp'을(를) 컴파일하는 중)
  
  AsTypes.cpp
C:\Users\Heetae\source\repos\Learning_DirectX11\LearningDX11\Learning_DirectX11(3D)\Assimp_ExternLibrary\AsTypes.h(3,20): error C2065: 'VertexTextureNormalTangentBlendData': 선언되지 않은 식별자입니다.
  (소스 파일 '/AsTypes.cpp'을(를) 컴파일하는 중)
  
C:\Users\Heetae\source\repos\Learning_DirectX11\LearningDX11\Learning_DirectX11(3D)\Assimp_ExternLibrary\AsTypes.h(3,20): error C2187: 구문 오류: 예기치 않은 'VertexTextureNormalTangentBlendData이(가) 있습니다.
  (소스 파일 '/AsTypes.cpp'을(를) 컴파일하는 중)
  
C:\Users\Heetae\source\repos\Learning_DirectX11\LearningDX11\Learning_DirectX11(3D)\Assimp_ExternLibrary\AsTypes.h(16,8): error C2143: 구문 오류: ';'이(가) '*' 앞에 없습니다.
  (소스 파일 '/AsTypes.cpp'을(를) 컴파일하는 중)
  
C:\Users\Heetae\source\repos\Learning_DirectX11\LearningDX11\Learning_DirectX11(3D)\Assimp_ExternLibrary\AsTypes.h(16,2): error C4430: 형식 지정자가 없습니다. int로 가정합니다. 참고: C++에서는 기본 int를 지원하지 않습니다.
  (소스 파일 '/AsTypes.cpp'을(를) 컴파일하는 중)
  
C:\Users\Heetae\source\repos\Learning_DirectX11\LearningDX11\Learning_DirectX11(3D)\Assimp_ExternLibrary\AsTypes.h(16,14): error C2238: ';' 앞에 예기치 않은 토큰이 있습니다.
  (소스 파일 '/AsTypes.cpp'을(를) 컴파일하는 중)
  
C:\Users\Heetae\source\repos\Learning_DirectX11\LearningDX11\Learning_DirectX11(3D)\Assimp_ExternLibrary\AsTypes.h(17,9): error C2065: 'VertexType': 선언되지 않은 식별자입니다.
  (소스 파일 '/AsTypes.cpp'을(를) 컴파일하는 중)
  
C:\Users\Heetae\source\repos\Learning_DirectX11\LearningDX11\Learning_DirectX11(3D)\Assimp_ExternLibrary\AsTypes.h(17,2): error C2923: 'std::vector': 'VertexType'은(는) '_Ty' 매개 변수에 대한 올바른 템플릿 형식 인수가 아닙니다.
  (소스 파일 '/AsTypes.cpp'을(를) 컴파일하는 중)
      C:\Users\Heetae\source\repos\Learning_DirectX11\LearningDX11\Learning_DirectX11(3D)\Assimp_ExternLibrary\AsTypes.h(17,9):
      'VertexType' 선언을 참조하십시오.
  
C:\Users\Heetae\source\repos\Learning_DirectX11\LearningDX11\Learning_DirectX11(3D)\Assimp_ExternLibrary\AsTypes.h(17,2): error C2976: 'std::vector': 템플릿 인수가 너무 적습니다.
  (소스 파일 '/AsTypes.cpp'을(를) 컴파일하는 중)
      C:\Program Files\Microsoft Visual Studio\2022\Community\VC\Tools\MSVC\14.41.34120\include\vector(429,7):
      'std::vector' 선언을 참조하십시오.
  
  CameraScript.cpp
C:\Users\Heetae\source\repos\Learning_DirectX11\LearningDX11\Learning_DirectX11(3D)\Assimp_ExternLibrary\CameraScript.h(4,29): error C2504: 'MonoBehaviour': 기본 클래스를 정의하지 않았습니다.
  (소스 파일 '/CameraScript.cpp'을(를) 컴파일하는 중)
  
C:\Users\Heetae\source\repos\Learning_DirectX11\LearningDX11\Learning_DirectX11(3D)\Assimp_ExternLibrary\CameraScript.h(7,15): error C3668: 'CameraScript::Start': 재정의 지정자 'override'가 있는 메서드가 기본 클래스 메서드를 재정의하지 않았습니다.
  (소스 파일 '/CameraScript.cpp'을(를) 컴파일하는 중)
  
C:\Users\Heetae\source\repos\Learning_DirectX11\LearningDX11\Learning_DirectX11(3D)\Assimp_ExternLibrary\CameraScript.h(8,15): error C3668: 'CameraScript::Update': 재정의 지정자 'override'가 있는 메서드가 기본 클래스 메서드를 재정의하지 않았습니다.
  (소스 파일 '/CameraScript.cpp'을(를) 컴파일하는 중)
  
C:\Users\Heetae\source\repos\Learning_DirectX11\LearningDX11\Learning_DirectX11(3D)\Assimp_ExternLibrary\CameraScript.cpp(12,13): error C2653: 'TimeManager': 클래스 또는 네임스페이스 이름이 아닙니다.
  (소스 파일 '/CameraScript.cpp'을(를) 컴파일하는 중)
  
C:\Users\Heetae\source\repos\Learning_DirectX11\LearningDX11\Learning_DirectX11(3D)\Assimp_ExternLibrary\CameraScript.cpp(12,13): error C3861: 'GetInstance': 식별자를 찾을 수 없습니다.
  (소스 파일 '/CameraScript.cpp'을(를) 컴파일하는 중)
  
C:\Users\Heetae\source\repos\Learning_DirectX11\LearningDX11\Learning_DirectX11(3D)\Assimp_ExternLibrary\CameraScript.cpp(14,13): error C3861: 'GetTransform': 식별자를 찾을 수 없습니다.
  (소스 파일 '/CameraScript.cpp'을(를) 컴파일하는 중)
  
C:\Users\Heetae\source\repos\Learning_DirectX11\LearningDX11\Learning_DirectX11(3D)\Assimp_ExternLibrary\CameraScript.cpp(16,6): error C2653: 'InputManager': 클래스 또는 네임스페이스 이름이 아닙니다.
  (소스 파일 '/CameraScript.cpp'을(를) 컴파일하는 중)
  
C:\Users\Heetae\source\repos\Learning_DirectX11\LearningDX11\Learning_DirectX11(3D)\Assimp_ExternLibrary\CameraScript.cpp(16,6): error C3861: 'GetInstance': 식별자를 찾을 수 없습니다.
  (소스 파일 '/CameraScript.cpp'을(를) 컴파일하는 중)
  
C:\Users\Heetae\source\repos\Learning_DirectX11\LearningDX11\Learning_DirectX11(3D)\Assimp_ExternLibrary\CameraScript.cpp(16,23): error C2653: 'KEY_TYPE': 클래스 또는 네임스페이스 이름이 아닙니다.
  (소스 파일 '/CameraScript.cpp'을(를) 컴파일하는 중)
  
C:\Users\Heetae\source\repos\Learning_DirectX11\LearningDX11\Learning_DirectX11(3D)\Assimp_ExternLibrary\CameraScript.cpp(16,33): error C2065: 'W': 선언되지 않은 식별자입니다.
  (소스 파일 '/CameraScript.cpp'을(를) 컴파일하는 중)
  
C:\Users\Heetae\source\repos\Learning_DirectX11\LearningDX11\Learning_DirectX11(3D)\Assimp_ExternLibrary\CameraScript.cpp(17,10): error C3861: 'GetTransform': 식별자를 찾을 수 없습니다.
  (소스 파일 '/CameraScript.cpp'을(를) 컴파일하는 중)
  
C:\Users\Heetae\source\repos\Learning_DirectX11\LearningDX11\Learning_DirectX11(3D)\Assimp_ExternLibrary\CameraScript.cpp(19,6): error C2653: 'InputManager': 클래스 또는 네임스페이스 이름이 아닙니다.
  (소스 파일 '/CameraScript.cpp'을(를) 컴파일하는 중)
  
C:\Users\Heetae\source\repos\Learning_DirectX11\LearningDX11\Learning_DirectX11(3D)\Assimp_ExternLibrary\CameraScript.cpp(19,6): error C3861: 'GetInstance': 식별자를 찾을 수 없습니다.
  (소스 파일 '/CameraScript.cpp'을(를) 컴파일하는 중)
  
C:\Users\Heetae\source\repos\Learning_DirectX11\LearningDX11\Learning_DirectX11(3D)\Assimp_ExternLibrary\CameraScript.cpp(19,23): error C2653: 'KEY_TYPE': 클래스 또는 네임스페이스 이름이 아닙니다.
  (소스 파일 '/CameraScript.cpp'을(를) 컴파일하는 중)
  
C:\Users\Heetae\source\repos\Learning_DirectX11\LearningDX11\Learning_DirectX11(3D)\Assimp_ExternLibrary\CameraScript.cpp(19,33): error C2065: 'S': 선언되지 않은 식별자입니다.
  (소스 파일 '/CameraScript.cpp'을(를) 컴파일하는 중)
  
C:\Users\Heetae\source\repos\Learning_DirectX11\LearningDX11\Learning_DirectX11(3D)\Assimp_ExternLibrary\CameraScript.cpp(20,10): error C3861: 'GetTransform': 식별자를 찾을 수 없습니다.
  (소스 파일 '/CameraScript.cpp'을(를) 컴파일하는 중)
  
C:\Users\Heetae\source\repos\Learning_DirectX11\LearningDX11\Learning_DirectX11(3D)\Assimp_ExternLibrary\CameraScript.cpp(22,6): error C2653: 'InputManager': 클래스 또는 네임스페이스 이름이 아닙니다.
  (소스 파일 '/CameraScript.cpp'을(를) 컴파일하는 중)
  
C:\Users\Heetae\source\repos\Learning_DirectX11\LearningDX11\Learning_DirectX11(3D)\Assimp_ExternLibrary\CameraScript.cpp(22,6): error C3861: 'GetInstance': 식별자를 찾을 수 없습니다.
  (소스 파일 '/CameraScript.cpp'을(를) 컴파일하는 중)
  
C:\Users\Heetae\source\repos\Learning_DirectX11\LearningDX11\Learning_DirectX11(3D)\Assimp_ExternLibrary\CameraScript.cpp(22,23): error C2653: 'KEY_TYPE': 클래스 또는 네임스페이스 이름이 아닙니다.
  (소스 파일 '/CameraScript.cpp'을(를) 컴파일하는 중)
  
C:\Users\Heetae\source\repos\Learning_DirectX11\LearningDX11\Learning_DirectX11(3D)\Assimp_ExternLibrary\CameraScript.cpp(22,33): error C2065: 'A': 선언되지 않은 식별자입니다.
  (소스 파일 '/CameraScript.cpp'을(를) 컴파일하는 중)
  
C:\Users\Heetae\source\repos\Learning_DirectX11\LearningDX11\Learning_DirectX11(3D)\Assimp_ExternLibrary\CameraScript.cpp(23,10): error C3861: 'GetTransform': 식별자를 찾을 수 없습니다.
  (소스 파일 '/CameraScript.cpp'을(를) 컴파일하는 중)
  
C:\Users\Heetae\source\repos\Learning_DirectX11\LearningDX11\Learning_DirectX11(3D)\Assimp_ExternLibrary\CameraScript.cpp(25,6): error C2653: 'InputManager': 클래스 또는 네임스페이스 이름이 아닙니다.
  (소스 파일 '/CameraScript.cpp'을(를) 컴파일하는 중)
  
C:\Users\Heetae\source\repos\Learning_DirectX11\LearningDX11\Learning_DirectX11(3D)\Assimp_ExternLibrary\CameraScript.cpp(25,6): error C3861: 'GetInstance': 식별자를 찾을 수 없습니다.
  (소스 파일 '/CameraScript.cpp'을(를) 컴파일하는 중)
  
C:\Users\Heetae\source\repos\Learning_DirectX11\LearningDX11\Learning_DirectX11(3D)\Assimp_ExternLibrary\CameraScript.cpp(25,23): error C2653: 'KEY_TYPE': 클래스 또는 네임스페이스 이름이 아닙니다.
  (소스 파일 '/CameraScript.cpp'을(를) 컴파일하는 중)
  
C:\Users\Heetae\source\repos\Learning_DirectX11\LearningDX11\Learning_DirectX11(3D)\Assimp_ExternLibrary\CameraScript.cpp(25,33): error C2065: 'D': 선언되지 않은 식별자입니다.
  (소스 파일 '/CameraScript.cpp'을(를) 컴파일하는 중)
  
C:\Users\Heetae\source\repos\Learning_DirectX11\LearningDX11\Learning_DirectX11(3D)\Assimp_ExternLibrary\CameraScript.cpp(26,10): error C3861: 'GetTransform': 식별자를 찾을 수 없습니다.
  (소스 파일 '/CameraScript.cpp'을(를) 컴파일하는 중)
  
C:\Users\Heetae\source\repos\Learning_DirectX11\LearningDX11\Learning_DirectX11(3D)\Assimp_ExternLibrary\CameraScript.cpp(28,2): error C3861: 'GetTransform': 식별자를 찾을 수 없습니다.
  (소스 파일 '/CameraScript.cpp'을(를) 컴파일하는 중)
  
C:\Users\Heetae\source\repos\Learning_DirectX11\LearningDX11\Learning_DirectX11(3D)\Assimp_ExternLibrary\CameraScript.cpp(30,6): error C2653: 'InputManager': 클래스 또는 네임스페이스 이름이 아닙니다.
  (소스 파일 '/CameraScript.cpp'을(를) 컴파일하는 중)
  
C:\Users\Heetae\source\repos\Learning_DirectX11\LearningDX11\Learning_DirectX11(3D)\Assimp_ExternLibrary\CameraScript.cpp(30,6): error C3861: 'GetInstance': 식별자를 찾을 수 없습니다.
  (소스 파일 '/CameraScript.cpp'을(를) 컴파일하는 중)
  
C:\Users\Heetae\source\repos\Learning_DirectX11\LearningDX11\Learning_DirectX11(3D)\Assimp_ExternLibrary\CameraScript.cpp(30,23): error C2653: 'KEY_TYPE': 클래스 또는 네임스페이스 이름이 아닙니다.
  (소스 파일 '/CameraScript.cpp'을(를) 컴파일하는 중)
  
C:\Users\Heetae\source\repos\Learning_DirectX11\LearningDX11\Learning_DirectX11(3D)\Assimp_ExternLibrary\CameraScript.cpp(30,33): error C2065: 'Q': 선언되지 않은 식별자입니다.
  (소스 파일 '/CameraScript.cpp'을(를) 컴파일하는 중)
  
C:\Users\Heetae\source\repos\Learning_DirectX11\LearningDX11\Learning_DirectX11(3D)\Assimp_ExternLibrary\CameraScript.cpp(32,19): error C3861: 'GetTransform': 식별자를 찾을 수 없습니다.
  (소스 파일 '/CameraScript.cpp'을(를) 컴파일하는 중)
  
C:\Users\Heetae\source\repos\Learning_DirectX11\LearningDX11\Learning_DirectX11(3D)\Assimp_ExternLibrary\CameraScript.cpp(33,12): error C2039: 'x': 'myVec3'의 멤버가 아닙니다.
  (소스 파일 '/CameraScript.cpp'을(를) 컴파일하는 중)
      C:\Users\Heetae\source\repos\Learning_DirectX11\LearningDX11\Learning_DirectX11(3D)\Libraries\Include\MyMath\myVec3.h(6,7):
      'myVec3' 선언을 참조하십시오.
  
C:\Users\Heetae\source\repos\Learning_DirectX11\LearningDX11\Learning_DirectX11(3D)\Assimp_ExternLibrary\CameraScript.cpp(34,3): error C3861: 'GetTransform': 식별자를 찾을 수 없습니다.
  (소스 파일 '/CameraScript.cpp'을(를) 컴파일하는 중)
  
C:\Users\Heetae\source\repos\Learning_DirectX11\LearningDX11\Learning_DirectX11(3D)\Assimp_ExternLibrary\CameraScript.cpp(37,6): error C2653: 'InputManager': 클래스 또는 네임스페이스 이름이 아닙니다.
  (소스 파일 '/CameraScript.cpp'을(를) 컴파일하는 중)
  
C:\Users\Heetae\source\repos\Learning_DirectX11\LearningDX11\Learning_DirectX11(3D)\Assimp_ExternLibrary\CameraScript.cpp(37,6): error C3861: 'GetInstance': 식별자를 찾을 수 없습니다.
  (소스 파일 '/CameraScript.cpp'을(를) 컴파일하는 중)
  
C:\Users\Heetae\source\repos\Learning_DirectX11\LearningDX11\Learning_DirectX11(3D)\Assimp_ExternLibrary\CameraScript.cpp(37,23): error C2653: 'KEY_TYPE': 클래스 또는 네임스페이스 이름이 아닙니다.
  (소스 파일 '/CameraScript.cpp'을(를) 컴파일하는 중)
  
C:\Users\Heetae\source\repos\Learning_DirectX11\LearningDX11\Learning_DirectX11(3D)\Assimp_ExternLibrary\CameraScript.cpp(37,33): error C2065: 'E': 선언되지 않은 식별자입니다.
  (소스 파일 '/CameraScript.cpp'을(를) 컴파일하는 중)
  
C:\Users\Heetae\source\repos\Learning_DirectX11\LearningDX11\Learning_DirectX11(3D)\Assimp_ExternLibrary\CameraScript.cpp(39,19): error C3861: 'GetTransform': 식별자를 찾을 수 없습니다.
  (소스 파일 '/CameraScript.cpp'을(를) 컴파일하는 중)
  
C:\Users\Heetae\source\repos\Learning_DirectX11\LearningDX11\Learning_DirectX11(3D)\Assimp_ExternLibrary\CameraScript.cpp(40,12): error C2039: 'x': 'myVec3'의 멤버가 아닙니다.
  (소스 파일 '/CameraScript.cpp'을(를) 컴파일하는 중)
      C:\Users\Heetae\source\repos\Learning_DirectX11\LearningDX11\Learning_DirectX11(3D)\Libraries\Include\MyMath\myVec3.h(6,7):
      'myVec3' 선언을 참조하십시오.
  
C:\Users\Heetae\source\repos\Learning_DirectX11\LearningDX11\Learning_DirectX11(3D)\Assimp_ExternLibrary\CameraScript.cpp(41,3): error C3861: 'GetTransform': 식별자를 찾을 수 없습니다.
  (소스 파일 '/CameraScript.cpp'을(를) 컴파일하는 중)
  
C:\Users\Heetae\source\repos\Learning_DirectX11\LearningDX11\Learning_DirectX11(3D)\Assimp_ExternLibrary\CameraScript.cpp(44,6): error C2653: 'InputManager': 클래스 또는 네임스페이스 이름이 아닙니다.
  (소스 파일 '/CameraScript.cpp'을(를) 컴파일하는 중)
  
C:\Users\Heetae\source\repos\Learning_DirectX11\LearningDX11\Learning_DirectX11(3D)\Assimp_ExternLibrary\CameraScript.cpp(44,6): error C3861: 'GetInstance': 식별자를 찾을 수 없습니다.
  (소스 파일 '/CameraScript.cpp'을(를) 컴파일하는 중)
  
C:\Users\Heetae\source\repos\Learning_DirectX11\LearningDX11\Learning_DirectX11(3D)\Assimp_ExternLibrary\CameraScript.cpp(44,23): error C2653: 'KEY_TYPE': 클래스 또는 네임스페이스 이름이 아닙니다.
  (소스 파일 '/CameraScript.cpp'을(를) 컴파일하는 중)
  
C:\Users\Heetae\source\repos\Learning_DirectX11\LearningDX11\Learning_DirectX11(3D)\Assimp_ExternLibrary\CameraScript.cpp(44,33): error C2065: 'Z': 선언되지 않은 식별자입니다.
  (소스 파일 '/CameraScript.cpp'을(를) 컴파일하는 중)
  
C:\Users\Heetae\source\repos\Learning_DirectX11\LearningDX11\Learning_DirectX11(3D)\Assimp_ExternLibrary\CameraScript.cpp(46,19): error C3861: 'GetTransform': 식별자를 찾을 수 없습니다.
  (소스 파일 '/CameraScript.cpp'을(를) 컴파일하는 중)
  
C:\Users\Heetae\source\repos\Learning_DirectX11\LearningDX11\Learning_DirectX11(3D)\Assimp_ExternLibrary\CameraScript.cpp(47,12): error C2039: 'y': 'myVec3'의 멤버가 아닙니다.
  (소스 파일 '/CameraScript.cpp'을(를) 컴파일하는 중)
      C:\Users\Heetae\source\repos\Learning_DirectX11\LearningDX11\Learning_DirectX11(3D)\Libraries\Include\MyMath\myVec3.h(6,7):
      'myVec3' 선언을 참조하십시오.
  
C:\Users\Heetae\source\repos\Learning_DirectX11\LearningDX11\Learning_DirectX11(3D)\Assimp_ExternLibrary\CameraScript.cpp(48,3): error C3861: 'GetTransform': 식별자를 찾을 수 없습니다.
  (소스 파일 '/CameraScript.cpp'을(를) 컴파일하는 중)
  
C:\Users\Heetae\source\repos\Learning_DirectX11\LearningDX11\Learning_DirectX11(3D)\Assimp_ExternLibrary\CameraScript.cpp(51,6): error C2653: 'InputManager': 클래스 또는 네임스페이스 이름이 아닙니다.
  (소스 파일 '/CameraScript.cpp'을(를) 컴파일하는 중)
  
C:\Users\Heetae\source\repos\Learning_DirectX11\LearningDX11\Learning_DirectX11(3D)\Assimp_ExternLibrary\CameraScript.cpp(51,6): error C3861: 'GetInstance': 식별자를 찾을 수 없습니다.
  (소스 파일 '/CameraScript.cpp'을(를) 컴파일하는 중)
  
C:\Users\Heetae\source\repos\Learning_DirectX11\LearningDX11\Learning_DirectX11(3D)\Assimp_ExternLibrary\CameraScript.cpp(51,23): error C2653: 'KEY_TYPE': 클래스 또는 네임스페이스 이름이 아닙니다.
  (소스 파일 '/CameraScript.cpp'을(를) 컴파일하는 중)
  
C:\Users\Heetae\source\repos\Learning_DirectX11\LearningDX11\Learning_DirectX11(3D)\Assimp_ExternLibrary\CameraScript.cpp(51,33): error C2065: 'C': 선언되지 않은 식별자입니다.
  (소스 파일 '/CameraScript.cpp'을(를) 컴파일하는 중)
  
C:\Users\Heetae\source\repos\Learning_DirectX11\LearningDX11\Learning_DirectX11(3D)\Assimp_ExternLibrary\CameraScript.cpp(53,19): error C3861: 'GetTransform': 식별자를 찾을 수 없습니다.
  (소스 파일 '/CameraScript.cpp'을(를) 컴파일하는 중)
  
C:\Users\Heetae\source\repos\Learning_DirectX11\LearningDX11\Learning_DirectX11(3D)\Assimp_ExternLibrary\CameraScript.cpp(54,12): error C2039: 'y': 'myVec3'의 멤버가 아닙니다.
  (소스 파일 '/CameraScript.cpp'을(를) 컴파일하는 중)
      C:\Users\Heetae\source\repos\Learning_DirectX11\LearningDX11\Learning_DirectX11(3D)\Libraries\Include\MyMath\myVec3.h(6,7):
      'myVec3' 선언을 참조하십시오.
  
C:\Users\Heetae\source\repos\Learning_DirectX11\LearningDX11\Learning_DirectX11(3D)\Assimp_ExternLibrary\CameraScript.cpp(55,3): error C3861: 'GetTransform': 식별자를 찾을 수 없습니다.
  (소스 파일 '/CameraScript.cpp'을(를) 컴파일하는 중)
  
  Converter.cpp
C:\Users\Heetae\source\repos\Learning_DirectX11\LearningDX11\Learning_DirectX11(3D)\Assimp_ExternLibrary\AsTypes.h(3,20): error C2065: 'VertexTextureNormalTangentBlendData': 선언되지 않은 식별자입니다.
  (소스 파일 '/Converter.cpp'을(를) 컴파일하는 중)
  
C:\Users\Heetae\source\repos\Learning_DirectX11\LearningDX11\Learning_DirectX11(3D)\Assimp_ExternLibrary\AsTypes.h(3,20): error C2187: 구문 오류: 예기치 않은 'VertexTextureNormalTangentBlendData이(가) 있습니다.
  (소스 파일 '/Converter.cpp'을(를) 컴파일하는 중)
  
C:\Users\Heetae\source\repos\Learning_DirectX11\LearningDX11\Learning_DirectX11(3D)\Assimp_ExternLibrary\AsTypes.h(16,8): error C2143: 구문 오류: ';'이(가) '*' 앞에 없습니다.
  (소스 파일 '/Converter.cpp'을(를) 컴파일하는 중)
  
C:\Users\Heetae\source\repos\Learning_DirectX11\LearningDX11\Learning_DirectX11(3D)\Assimp_ExternLibrary\AsTypes.h(16,2): error C4430: 형식 지정자가 없습니다. int로 가정합니다. 참고: C++에서는 기본 int를 지원하지 않습니다.
  (소스 파일 '/Converter.cpp'을(를) 컴파일하는 중)
  
C:\Users\Heetae\source\repos\Learning_DirectX11\LearningDX11\Learning_DirectX11(3D)\Assimp_ExternLibrary\AsTypes.h(16,14): error C2238: ';' 앞에 예기치 않은 토큰이 있습니다.
  (소스 파일 '/Converter.cpp'을(를) 컴파일하는 중)
  
C:\Users\Heetae\source\repos\Learning_DirectX11\LearningDX11\Learning_DirectX11(3D)\Assimp_ExternLibrary\AsTypes.h(17,9): error C2065: 'VertexType': 선언되지 않은 식별자입니다.
  (소스 파일 '/Converter.cpp'을(를) 컴파일하는 중)
  
C:\Users\Heetae\source\repos\Learning_DirectX11\LearningDX11\Learning_DirectX11(3D)\Assimp_ExternLibrary\AsTypes.h(17,2): error C2923: 'std::vector': 'VertexType'은(는) '_Ty' 매개 변수에 대한 올바른 템플릿 형식 인수가 아닙니다.
  (소스 파일 '/Converter.cpp'을(를) 컴파일하는 중)
      C:\Users\Heetae\source\repos\Learning_DirectX11\LearningDX11\Learning_DirectX11(3D)\Assimp_ExternLibrary\AsTypes.h(17,9):
      'VertexType' 선언을 참조하십시오.
  
C:\Users\Heetae\source\repos\Learning_DirectX11\LearningDX11\Learning_DirectX11(3D)\Assimp_ExternLibrary\AsTypes.h(17,2): error C2976: 'std::vector': 템플릿 인수가 너무 적습니다.
  (소스 파일 '/Converter.cpp'을(를) 컴파일하는 중)
      C:\Program Files\Microsoft Visual Studio\2022\Community\VC\Tools\MSVC\14.41.34120\include\vector(429,7):
      'std::vector' 선언을 참조하십시오.
  
C:\Users\Heetae\source\repos\Learning_DirectX11\LearningDX11\Learning_DirectX11(3D)\Assimp_ExternLibrary\Converter.h(16,21): error C2061: 구문 오류: 식별자 'aiNode'
  (소스 파일 '/Converter.cpp'을(를) 컴파일하는 중)
  
C:\Users\Heetae\source\repos\Learning_DirectX11\LearningDX11\Learning_DirectX11(3D)\Assimp_ExternLibrary\Converter.h(17,20): error C2061: 구문 오류: 식별자 'aiNode'
  (소스 파일 '/Converter.cpp'을(를) 컴파일하는 중)
  
C:\Users\Heetae\source\repos\Learning_DirectX11\LearningDX11\Learning_DirectX11(3D)\Assimp_ExternLibrary\Converter.h(31,13): error C2065: 'Assimp': 선언되지 않은 식별자입니다.
  (소스 파일 '/Converter.cpp'을(를) 컴파일하는 중)
  
C:\Users\Heetae\source\repos\Learning_DirectX11\LearningDX11\Learning_DirectX11(3D)\Assimp_ExternLibrary\Converter.h(31,13): error C2653: 'Assimp': 클래스 또는 네임스페이스 이름이 아닙니다.
  (소스 파일 '/Converter.cpp'을(를) 컴파일하는 중)
  
C:\Users\Heetae\source\repos\Learning_DirectX11\LearningDX11\Learning_DirectX11(3D)\Assimp_ExternLibrary\Converter.h(31,21): error C2065: 'Importer': 선언되지 않은 식별자입니다.
  (소스 파일 '/Converter.cpp'을(를) 컴파일하는 중)
  
C:\Users\Heetae\source\repos\Learning_DirectX11\LearningDX11\Learning_DirectX11(3D)\Assimp_ExternLibrary\Converter.h(31,2): error C2923: 'std::shared_ptr': 'Importer'은(는) '_Ty' 매개 변수에 대한 올바른 템플릿 형식 인수가 아닙니다.
  (소스 파일 '/Converter.cpp'을(를) 컴파일하는 중)
      C:\Users\Heetae\source\repos\Learning_DirectX11\LearningDX11\Learning_DirectX11(3D)\Assimp_ExternLibrary\Converter.h(31,21):
      'Importer' 선언을 참조하십시오.
  
C:\Users\Heetae\source\repos\Learning_DirectX11\LearningDX11\Learning_DirectX11(3D)\Assimp_ExternLibrary\Converter.h(32,2): error C4430: 형식 지정자가 없습니다. int로 가정합니다. 참고: C++에서는 기본 int를 지원하지 않습니다.
  (소스 파일 '/Converter.cpp'을(를) 컴파일하는 중)
  
C:\Users\Heetae\source\repos\Learning_DirectX11\LearningDX11\Learning_DirectX11(3D)\Assimp_ExternLibrary\Converter.h(32,15): error C2143: 구문 오류: ';'이(가) '*' 앞에 없습니다.
  (소스 파일 '/Converter.cpp'을(를) 컴파일하는 중)
  
C:\Users\Heetae\source\repos\Learning_DirectX11\LearningDX11\Learning_DirectX11(3D)\Assimp_ExternLibrary\Converter.h(32,23): error C2238: ';' 앞에 예기치 않은 토큰이 있습니다.
  (소스 파일 '/Converter.cpp'을(를) 컴파일하는 중)
  
C:\Program Files\Microsoft Visual Studio\2022\Community\VC\Tools\MSVC\14.41.34120\include\filesystem(12): warning STL4038: The contents of <filesystem> are available only with C++17 or later.
C:\Users\Heetae\source\repos\Learning_DirectX11\LearningDX11\Learning_DirectX11(3D)\Assimp_ExternLibrary\Converter.cpp(6,10): error C1083: 포함 파일을 열 수 없습니다. 'FileUtils.h': No such file or directory
  (소스 파일 '/Converter.cpp'을(를) 컴파일하는 중)
  
  ImGuiDemo.cpp
C:\Users\Heetae\source\repos\Learning_DirectX11\LearningDX11\Learning_DirectX11(3D)\Assimp_ExternLibrary\ImGuiDemo.h(16,25): error C2440: '<function-style-cast>': 'float'에서 'Vec4'(으)로 변환할 수 없습니다.
  (소스 파일 '/ImGuiDemo.cpp'을(를) 컴파일하는 중)
      C:\Users\Heetae\source\repos\Learning_DirectX11\LearningDX11\Learning_DirectX11(3D)\Assimp_ExternLibrary\ImGuiDemo.h(16,25):
      'myVec4::myVec4': 모든 인수 형식을 변환할 수 있는 오버로드된 함수가 없습니다.
          C:\Users\Heetae\source\repos\Learning_DirectX11\LearningDX11\Learning_DirectX11(3D)\Libraries\Include\MyMath\myVec4.h(51,1):
          'myVec4::myVec4(myVec4 &&)'일 수 있습니다.
              C:\Users\Heetae\source\repos\Learning_DirectX11\LearningDX11\Learning_DirectX11(3D)\Assimp_ExternLibrary\ImGuiDemo.h(16,25):
              'myVec4::myVec4(myVec4 &&)': 인수 1을(를) 'float'에서 'myVec4 &&'(으)로 변환할 수 없습니다.
                  C:\Users\Heetae\source\repos\Learning_DirectX11\LearningDX11\Learning_DirectX11(3D)\Assimp_ExternLibrary\ImGuiDemo.h(16,26):
                  원인: 'float'에서 'myVec4'(으)로 변환할 수 없습니다.
          C:\Users\Heetae\source\repos\Learning_DirectX11\LearningDX11\Learning_DirectX11(3D)\Libraries\Include\MyMath\myVec4.h(51,1):
          또는       'myVec4::myVec4(const myVec4 &)'
              C:\Users\Heetae\source\repos\Learning_DirectX11\LearningDX11\Learning_DirectX11(3D)\Assimp_ExternLibrary\ImGuiDemo.h(16,25):
              'myVec4::myVec4(const myVec4 &)': 인수 1을(를) 'float'에서 'const myVec4 &'(으)로 변환할 수 없습니다.
                  C:\Users\Heetae\source\repos\Learning_DirectX11\LearningDX11\Learning_DirectX11(3D)\Assimp_ExternLibrary\ImGuiDemo.h(16,26):
                  원인: 'float'에서 'const myVec4'(으)로 변환할 수 없습니다.
          C:\Users\Heetae\source\repos\Learning_DirectX11\LearningDX11\Learning_DirectX11(3D)\Assimp_ExternLibrary\ImGuiDemo.h(16,25):
          인수 목록 '(float)'을(를) 일치시키는 동안
  
C:\Users\Heetae\source\repos\Learning_DirectX11\LearningDX11\Learning_DirectX11(3D)\Assimp_ExternLibrary\CameraScript.h(4,29): error C2504: 'MonoBehaviour': 기본 클래스를 정의하지 않았습니다.
  (소스 파일 '/ImGuiDemo.cpp'을(를) 컴파일하는 중)
  
C:\Users\Heetae\source\repos\Learning_DirectX11\LearningDX11\Learning_DirectX11(3D)\Assimp_ExternLibrary\CameraScript.h(7,15): error C3668: 'CameraScript::Start': 재정의 지정자 'override'가 있는 메서드가 기본 클래스 메서드를 재정의하지 않았습니다.
  (소스 파일 '/ImGuiDemo.cpp'을(를) 컴파일하는 중)
  
C:\Users\Heetae\source\repos\Learning_DirectX11\LearningDX11\Learning_DirectX11(3D)\Assimp_ExternLibrary\CameraScript.h(8,15): error C3668: 'CameraScript::Update': 재정의 지정자 'override'가 있는 메서드가 기본 클래스 메서드를 재정의하지 않았습니다.
  (소스 파일 '/ImGuiDemo.cpp'을(를) 컴파일하는 중)
  
C:\Users\Heetae\source\repos\Learning_DirectX11\LearningDX11\Learning_DirectX11(3D)\Assimp_ExternLibrary\ImGuiDemo.cpp(10,10): error C1083: 포함 파일을 열 수 없습니다. 'Model.h': No such file or directory
  (소스 파일 '/ImGuiDemo.cpp'을(를) 컴파일하는 중)
  
  Main.cpp
C:\Users\Heetae\source\repos\Learning_DirectX11\LearningDX11\Learning_DirectX11(3D)\Assimp_ExternLibrary\ImGuiDemo.h(16,25): error C2440: '<function-style-cast>': 'float'에서 'Vec4'(으)로 변환할 수 없습니다.
  (소스 파일 '/Main.cpp'을(를) 컴파일하는 중)
      C:\Users\Heetae\source\repos\Learning_DirectX11\LearningDX11\Learning_DirectX11(3D)\Assimp_ExternLibrary\ImGuiDemo.h(16,25):
      'myVec4::myVec4': 모든 인수 형식을 변환할 수 있는 오버로드된 함수가 없습니다.
          C:\Users\Heetae\source\repos\Learning_DirectX11\LearningDX11\Learning_DirectX11(3D)\Libraries\Include\MyMath\myVec4.h(51,1):
          'myVec4::myVec4(myVec4 &&)'일 수 있습니다.
              C:\Users\Heetae\source\repos\Learning_DirectX11\LearningDX11\Learning_DirectX11(3D)\Assimp_ExternLibrary\ImGuiDemo.h(16,25):
              'myVec4::myVec4(myVec4 &&)': 인수 1을(를) 'float'에서 'myVec4 &&'(으)로 변환할 수 없습니다.
                  C:\Users\Heetae\source\repos\Learning_DirectX11\LearningDX11\Learning_DirectX11(3D)\Assimp_ExternLibrary\ImGuiDemo.h(16,26):
                  원인: 'float'에서 'myVec4'(으)로 변환할 수 없습니다.
          C:\Users\Heetae\source\repos\Learning_DirectX11\LearningDX11\Learning_DirectX11(3D)\Libraries\Include\MyMath\myVec4.h(51,1):
          또는       'myVec4::myVec4(const myVec4 &)'
              C:\Users\Heetae\source\repos\Learning_DirectX11\LearningDX11\Learning_DirectX11(3D)\Assimp_ExternLibrary\ImGuiDemo.h(16,25):
              'myVec4::myVec4(const myVec4 &)': 인수 1을(를) 'float'에서 'const myVec4 &'(으)로 변환할 수 없습니다.
                  C:\Users\Heetae\source\repos\Learning_DirectX11\LearningDX11\Learning_DirectX11(3D)\Assimp_ExternLibrary\ImGuiDemo.h(16,26):
                  원인: 'float'에서 'const myVec4'(으)로 변환할 수 없습니다.
          C:\Users\Heetae\source\repos\Learning_DirectX11\LearningDX11\Learning_DirectX11(3D)\Assimp_ExternLibrary\ImGuiDemo.h(16,25):
          인수 목록 '(float)'을(를) 일치시키는 동안
  
  StaticMeshDemo.cpp
C:\Users\Heetae\source\repos\Learning_DirectX11\LearningDX11\Learning_DirectX11(3D)\Assimp_ExternLibrary\CameraScript.h(4,29): error C2504: 'MonoBehaviour': 기본 클래스를 정의하지 않았습니다.
  (소스 파일 '/StaticMeshDemo.cpp'을(를) 컴파일하는 중)
  
C:\Users\Heetae\source\repos\Learning_DirectX11\LearningDX11\Learning_DirectX11(3D)\Assimp_ExternLibrary\CameraScript.h(7,15): error C3668: 'CameraScript::Start': 재정의 지정자 'override'가 있는 메서드가 기본 클래스 메서드를 재정의하지 않았습니다.
  (소스 파일 '/StaticMeshDemo.cpp'을(를) 컴파일하는 중)
  
C:\Users\Heetae\source\repos\Learning_DirectX11\LearningDX11\Learning_DirectX11(3D)\Assimp_ExternLibrary\CameraScript.h(8,15): error C3668: 'CameraScript::Update': 재정의 지정자 'override'가 있는 메서드가 기본 클래스 메서드를 재정의하지 않았습니다.
  (소스 파일 '/StaticMeshDemo.cpp'을(를) 컴파일하는 중)
  
C:\Users\Heetae\source\repos\Learning_DirectX11\LearningDX11\Learning_DirectX11(3D)\Assimp_ExternLibrary\StaticMeshDemo.cpp(10,10): error C1083: 포함 파일을 열 수 없습니다. 'Model.h': No such file or directory
  (소스 파일 '/StaticMeshDemo.cpp'을(를) 컴파일하는 중)
  
  코드를 생성하고 있습니다...
